Sections:
section CODE (attr=<acrx> align=2):
       0: opts: cpu types: m68000
       0: opts: fpu id 1 (f2xx)
       0: opts: small data is disabled
       0: opts: optimizations enabled
       0: opts: opt generic (1)
       0: opts: opt movem (0)
       0: opts: opt pea (0)
       0: opts: opt clr (0)
       0: opts: opt st (0)
       0: opts: opt lsl (0)
       0: opts: opt mul (0)
       0: opts: opt float const (0)
       0: opts: opt branch to jump (0)
       0: opts: opt pc-relative (1)
       0: opts: opt branch (1)
       0: opts: opt displacement (1)
       0: opts: opt absolute (1)
       0: opts: opt moveq (1)
       0: opts: opt quick (1)
       0: opts: opt branch to nop (1)
       0: opts: opt base disp (1)
       0: opts: opt outer disp (1)
       0: opts: opt adda/subq to lea (1)
       0: opts: opt lea to addq/subq (1)
       0: opts: opt immediate areg (1)
       0: opts: opt for speed (0)
       0: opts: warn about optimizations (0)
       0: opts: PIC check (0)
       0: opts: type and range checks (1)
       0: opts: hide all warnings (0)
       0: data(6): 42 b9 00 00 00 04 
Symbols:
